{
  "uid" : "f7b422ef9879026",
  "name" : "test_answer",
  "fullName" : "jzwpytest.test_pytest#test_answer",
  "historyId" : "1475c044458f7d5c83d33aa54e5fc40a",
  "time" : {
    "start" : 1589008883123,
    "stop" : 1589008883124,
    "duration" : 1
  },
  "status" : "failed",
  "statusMessage" : "AssertionError: assert 4 == 5\n +  where 4 = inc(3)",
  "statusTrace" : "def test_answer():\n>       assert inc(3) == 5\nE       assert 4 == 5\nE        +  where 4 = inc(3)\n\njzwpytest\\test_pytest.py:13: AssertionError",
  "flaky" : false,
  "newFailed" : false,
  "beforeStages" : [ {
    "name" : "_Module__pytest_setup_function",
    "time" : {
      "start" : 1589008883123,
      "stop" : 1589008883123,
      "duration" : 0
    },
    "status" : "passed",
    "steps" : [ ],
    "attachments" : [ ],
    "parameters" : [ ],
    "attachmentsCount" : 0,
    "shouldDisplayMessage" : false,
    "hasContent" : false,
    "stepsCount" : 0
  }, {
    "name" : "_Module__pytest_setup_module",
    "time" : {
      "start" : 1589008883123,
      "stop" : 1589008883123,
      "duration" : 0
    },
    "status" : "passed",
    "steps" : [ ],
    "attachments" : [ ],
    "parameters" : [ ],
    "attachmentsCount" : 0,
    "shouldDisplayMessage" : false,
    "hasContent" : false,
    "stepsCount" : 0
  } ],
  "testStage" : {
    "status" : "failed",
    "statusMessage" : "AssertionError: assert 4 == 5\n +  where 4 = inc(3)",
    "statusTrace" : "def test_answer():\n>       assert inc(3) == 5\nE       assert 4 == 5\nE        +  where 4 = inc(3)\n\njzwpytest\\test_pytest.py:13: AssertionError",
    "steps" : [ ],
    "attachments" : [ {
      "uid" : "c6e81e94ab899d5",
      "name" : "stdout",
      "source" : "c6e81e94ab899d5.txt",
      "type" : "text/plain",
      "size" : 28
    } ],
    "parameters" : [ ],
    "attachmentsCount" : 1,
    "shouldDisplayMessage" : true,
    "hasContent" : true,
    "stepsCount" : 0
  },
  "afterStages" : [ {
    "name" : "_Module__pytest_setup_function::0",
    "time" : {
      "start" : 1589008883127,
      "stop" : 1589008883127,
      "duration" : 0
    },
    "status" : "passed",
    "steps" : [ ],
    "attachments" : [ ],
    "parameters" : [ ],
    "attachmentsCount" : 0,
    "shouldDisplayMessage" : false,
    "hasContent" : false,
    "stepsCount" : 0
  }, {
    "name" : "_Module__pytest_setup_module::0",
    "time" : {
      "start" : 1589008883144,
      "stop" : 1589008883144,
      "duration" : 0
    },
    "status" : "passed",
    "steps" : [ ],
    "attachments" : [ ],
    "parameters" : [ ],
    "attachmentsCount" : 0,
    "shouldDisplayMessage" : false,
    "hasContent" : false,
    "stepsCount" : 0
  } ],
  "labels" : [ {
    "name" : "parentSuite",
    "value" : "jzwpytest"
  }, {
    "name" : "suite",
    "value" : "test_pytest"
  }, {
    "name" : "host",
    "value" : "jiangzhw0100"
  }, {
    "name" : "thread",
    "value" : "26168-MainThread"
  }, {
    "name" : "framework",
    "value" : "pytest"
  }, {
    "name" : "language",
    "value" : "cpython3"
  }, {
    "name" : "package",
    "value" : "jzwpytest.test_pytest"
  }, {
    "name" : "resultFormat",
    "value" : "allure2"
  } ],
  "parameters" : [ ],
  "links" : [ ],
  "hidden" : false,
  "retry" : false,
  "extra" : {
    "severity" : "normal",
    "retries" : [ ],
    "categories" : [ {
      "name" : "Product defects",
      "matchedStatuses" : [ ],
      "flaky" : false
    } ],
    "tags" : [ ]
  },
  "source" : "f7b422ef9879026.json",
  "parameterValues" : [ ]
}